c:\users\asos\documents\github\game\game\x64\debug\vc140.pdb
c:\users\asos\documents\github\game\game\x64\debug\vc140.idb
c:\users\asos\documents\github\game\game\x64\debug\bloodworks.obj
c:\users\asos\documents\github\game\game\x64\debug\canimatedrenderable.obj
c:\users\asos\documents\github\game\game\x64\debug\cdebugrenderable.obj
c:\users\asos\documents\github\game\game\x64\debug\cfont.obj
c:\users\asos\documents\github\game\game\x64\debug\cglobals.obj
c:\users\asos\documents\github\game\game\x64\debug\cinput.obj
c:\users\asos\documents\github\game\game\x64\debug\cluaworld.obj
c:\users\asos\documents\github\game\game\x64\debug\coral.obj
c:\users\asos\documents\github\game\game\x64\debug\cgame.obj
c:\users\asos\documents\github\game\game\x64\debug\cmat.obj
c:\users\asos\documents\github\game\game\x64\debug\crenderable.obj
c:\users\asos\documents\github\game\game\x64\debug\cresources.obj
c:\users\asos\documents\github\game\game\x64\debug\main.obj
c:\users\asos\documents\github\game\game\x64\debug\ctime.obj
c:\users\asos\documents\github\game\game\x64\debug\ctools.obj
c:\users\asos\documents\github\game\game\x64\debug\monster.obj
c:\users\asos\documents\github\game\game\x64\debug\player.obj
c:\users\asos\documents\github\game\x64\debug\game.ilk
c:\users\asos\documents\github\game\x64\debug\game.exe
c:\users\asos\documents\github\game\x64\debug\game.pdb
c:\users\asos\documents\github\game\game\x64\debug\game.tlog\cl.command.1.tlog
c:\users\asos\documents\github\game\game\x64\debug\game.tlog\cl.read.1.tlog
c:\users\asos\documents\github\game\game\x64\debug\game.tlog\cl.write.1.tlog
c:\users\asos\documents\github\game\game\x64\debug\game.tlog\link.command.1.tlog
c:\users\asos\documents\github\game\game\x64\debug\game.tlog\link.read.1.tlog
c:\users\asos\documents\github\game\game\x64\debug\game.tlog\link.write.1.tlog
