c:\users\asos\documents\vs\projects\game\game\x64\debug\vc140.pdb
c:\users\asos\documents\vs\projects\game\game\x64\debug\vc140.idb
c:\users\asos\documents\vs\projects\game\game\x64\debug\game.obj
c:\users\asos\documents\vs\projects\game\game\x64\debug\main.obj
c:\users\asos\documents\vs\projects\game\game\x64\debug\time.obj
c:\users\asos\documents\vs\projects\game\game\x64\debug\ctime.obj
c:\users\asos\documents\vs\projects\game\game\x64\debug\cglobals.obj
c:\users\asos\documents\vs\projects\game\game\x64\debug\coral.obj
c:\users\asos\documents\vs\projects\game\game\x64\debug\cinput.obj
c:\users\asos\documents\vs\projects\game\game\x64\debug\cgame.obj
c:\users\asos\documents\vs\projects\game\game\x64\debug\ctools.obj
c:\users\asos\documents\vs\projects\game\game\x64\debug\cmat.obj
c:\users\asos\documents\vs\projects\game\x64\debug\game.ilk
c:\users\asos\documents\vs\projects\game\x64\debug\game.exe
c:\users\asos\documents\vs\projects\game\x64\debug\game.pdb
c:\users\asos\documents\vs\projects\game\game\x64\debug\cgame.obj.enc
c:\users\asos\documents\vs\projects\game\game\x64\debug\cglobals.obj.enc
c:\users\asos\documents\vs\projects\game\game\x64\debug\cinput.obj.enc
c:\users\asos\documents\vs\projects\game\game\x64\debug\cmat.obj.enc
c:\users\asos\documents\vs\projects\game\game\x64\debug\coral.obj.enc
c:\users\asos\documents\vs\projects\game\game\x64\debug\ctools.obj.enc
c:\users\asos\documents\vs\projects\game\game\x64\debug\main.obj.enc
c:\users\asos\documents\vs\projects\game\game\x64\debug\game.tlog\cl.command.1.tlog
c:\users\asos\documents\vs\projects\game\game\x64\debug\game.tlog\cl.read.1.tlog
c:\users\asos\documents\vs\projects\game\game\x64\debug\game.tlog\cl.write.1.tlog
c:\users\asos\documents\vs\projects\game\game\x64\debug\game.tlog\link.command.1.tlog
c:\users\asos\documents\vs\projects\game\game\x64\debug\game.tlog\link.read.1.tlog
c:\users\asos\documents\vs\projects\game\game\x64\debug\game.tlog\link.write.1.tlog
