c:\users\asos\documents\github\game\game\x64\release\vc140.pdb
c:\users\asos\documents\github\game\game\x64\release\ctime.obj
c:\users\asos\documents\github\game\game\x64\release\main.obj
c:\users\asos\documents\github\game\game\x64\release\gun.obj
c:\users\asos\documents\github\game\game\x64\release\gameobject.obj
c:\users\asos\documents\github\game\game\x64\release\cresources.obj
c:\users\asos\documents\github\game\game\x64\release\crenderable.obj
c:\users\asos\documents\github\game\game\x64\release\cmat.obj
c:\users\asos\documents\github\game\game\x64\release\cgame.obj
c:\users\asos\documents\github\game\game\x64\release\coral.obj
c:\users\asos\documents\github\game\game\x64\release\cluaworld.obj
c:\users\asos\documents\github\game\game\x64\release\cinput.obj
c:\users\asos\documents\github\game\game\x64\release\cglobals.obj
c:\users\asos\documents\github\game\game\x64\release\cfont.obj
c:\users\asos\documents\github\game\game\x64\release\cdebugrenderable.obj
c:\users\asos\documents\github\game\game\x64\release\canimatedrenderable.obj
c:\users\asos\documents\github\game\game\x64\release\bulletcontroller.obj
c:\users\asos\documents\github\game\game\x64\release\bullet.obj
c:\users\asos\documents\github\game\game\x64\release\bonus.obj
c:\users\asos\documents\github\game\game\x64\release\bloodworks.obj
c:\users\asos\documents\github\game\game\x64\release\bloodrenderable.obj
c:\users\asos\documents\github\game\game\x64\release\player.obj
c:\users\asos\documents\github\game\game\x64\release\monstercontroller.obj
c:\users\asos\documents\github\game\game\x64\release\monster.obj
c:\users\asos\documents\github\game\game\x64\release\missioncontroller.obj
c:\users\asos\documents\github\game\game\x64\release\ctools.obj
c:\users\asos\documents\github\game\x64\release\game.exe
c:\users\asos\documents\github\game\x64\release\game.ipdb
c:\users\asos\documents\github\game\x64\release\game.iobj
c:\users\asos\documents\github\game\x64\release\game.pdb
c:\users\asos\documents\github\game\game\x64\release\game.tlog\cl.command.1.tlog
c:\users\asos\documents\github\game\game\x64\release\game.tlog\cl.read.1.tlog
c:\users\asos\documents\github\game\game\x64\release\game.tlog\cl.write.1.tlog
c:\users\asos\documents\github\game\game\x64\release\game.tlog\link.command.1.tlog
c:\users\asos\documents\github\game\game\x64\release\game.tlog\link.read.1.tlog
c:\users\asos\documents\github\game\game\x64\release\game.tlog\link.write.1.tlog
